{"/home/mwholt/git/serverless-terraform-registry/src/services/discovery/index.js": {"path":"/home/mwholt/git/serverless-terraform-registry/src/services/discovery/index.js","statementMap":{"0":{"start":{"line":5,"column":15},"end":{"line":5,"column":42}},"1":{"start":{"line":6,"column":36},"end":{"line":6,"column":65}},"2":{"start":{"line":9,"column":0},"end":{"line":39,"column":1}},"3":{"start":{"line":14,"column":19},"end":{"line":14,"column":24}},"4":{"start":{"line":15,"column":18},"end":{"line":17,"column":3}},"5":{"start":{"line":19,"column":2},"end":{"line":19,"column":31}},"6":{"start":{"line":20,"column":2},"end":{"line":34,"column":3}},"7":{"start":{"line":21,"column":4},"end":{"line":29,"column":5}},"8":{"start":{"line":23,"column":8},"end":{"line":25,"column":10}},"9":{"start":{"line":26,"column":8},"end":{"line":26,"column":14}},"10":{"start":{"line":28,"column":8},"end":{"line":28,"column":89}},"11":{"start":{"line":32,"column":4},"end":{"line":32,"column":26}},"12":{"start":{"line":33,"column":4},"end":{"line":33,"column":39}},"13":{"start":{"line":36,"column":2},"end":{"line":36,"column":45}},"14":{"start":{"line":38,"column":2},"end":{"line":38,"column":14}}},"fnMap":{"0":{"name":"(anonymous_0)","decl":{"start":{"line":9,"column":18},"end":{"line":9,"column":19}},"loc":{"start":{"line":9,"column":35},"end":{"line":39,"column":1}},"line":9}},"branchMap":{"0":{"loc":{"start":{"line":21,"column":4},"end":{"line":29,"column":5}},"type":"switch","locations":[{"start":{"line":22,"column":6},"end":{"line":26,"column":14}},{"start":{"line":27,"column":6},"end":{"line":28,"column":89}}],"line":21},"1":{"loc":{"start":{"line":33,"column":17},"end":{"line":33,"column":38}},"type":"binary-expr","locations":[{"start":{"line":33,"column":17},"end":{"line":33,"column":31}},{"start":{"line":33,"column":35},"end":{"line":33,"column":38}}],"line":33}},"s":{"0":1,"1":1,"2":1,"3":2,"4":2,"5":2,"6":2,"7":2,"8":1,"9":1,"10":1,"11":1,"12":1,"13":2,"14":2},"f":{"0":2},"b":{"0":[1,1],"1":[1,1]},"_coverageSchema":"1a1c01bbd47fc00a2c39e90264f33305004495a9","hash":"95caf93ffa90b50691e393ac46702127e2c95790"}
,"/home/mwholt/git/serverless-terraform-registry/src/services/discovery/helpers/logger.js": {"path":"/home/mwholt/git/serverless-terraform-registry/src/services/discovery/helpers/logger.js","statementMap":{"0":{"start":{"line":1,"column":16},"end":{"line":1,"column":34}},"1":{"start":{"line":2,"column":15},"end":{"line":9,"column":5}},"2":{"start":{"line":11,"column":0},"end":{"line":11,"column":24}}},"fnMap":{},"branchMap":{},"s":{"0":1,"1":1,"2":1},"f":{},"b":{},"_coverageSchema":"1a1c01bbd47fc00a2c39e90264f33305004495a9","hash":"08b0a1c777d10784b1151a72c0e48d96c6c49029"}
,"/home/mwholt/git/serverless-terraform-registry/src/services/discovery/helpers/response.js": {"path":"/home/mwholt/git/serverless-terraform-registry/src/services/discovery/helpers/response.js","statementMap":{"0":{"start":{"line":1,"column":17},"end":{"line":7,"column":1}},"1":{"start":{"line":2,"column":2},"end":{"line":6,"column":4}},"2":{"start":{"line":9,"column":22},"end":{"line":15,"column":1}},"3":{"start":{"line":10,"column":2},"end":{"line":14,"column":4}},"4":{"start":{"line":17,"column":0},"end":{"line":17,"column":45}}},"fnMap":{"0":{"name":"(anonymous_0)","decl":{"start":{"line":1,"column":17},"end":{"line":1,"column":18}},"loc":{"start":{"line":1,"column":54},"end":{"line":7,"column":1}},"line":1},"1":{"name":"(anonymous_1)","decl":{"start":{"line":9,"column":22},"end":{"line":9,"column":23}},"loc":{"start":{"line":9,"column":75},"end":{"line":15,"column":1}},"line":9}},"branchMap":{},"s":{"0":2,"1":3,"2":2,"3":2,"4":2},"f":{"0":3,"1":2},"b":{},"_coverageSchema":"1a1c01bbd47fc00a2c39e90264f33305004495a9","hash":"d0813fd3737abe298b866724402b83b34c0cbd9b"}
}
