TN:
SF:index.js
FN:9,(anonymous_0)
FNF:1
FNH:1
FNDA:2,(anonymous_0)
DA:5,1
DA:6,1
DA:9,1
DA:14,2
DA:15,2
DA:19,2
DA:20,2
DA:21,2
DA:23,1
DA:26,1
DA:28,1
DA:32,1
DA:33,1
DA:36,2
DA:38,2
LF:15
LH:15
BRDA:21,0,0,1
BRDA:21,0,1,1
BRDA:33,1,0,1
BRDA:33,1,1,1
BRF:4
BRH:4
end_of_record
TN:
SF:helpers/logger.js
FNF:0
FNH:0
DA:1,1
DA:2,1
DA:11,1
LF:3
LH:3
BRF:0
BRH:0
end_of_record
TN:
SF:helpers/response.js
FN:1,(anonymous_0)
FN:9,(anonymous_1)
FNF:2
FNH:2
FNDA:3,(anonymous_0)
FNDA:2,(anonymous_1)
DA:1,2
DA:2,3
DA:9,2
DA:10,2
DA:17,2
LF:5
LH:5
BRF:0
BRH:0
end_of_record
